<?xml version="1.0" encoding="UTF-8"?>
<testsuite xmlns:xsi="http://www.w3.org/2001/XMLSchema-instance" xsi:noNamespaceSchemaLocation="https://maven.apache.org/surefire/maven-surefire-plugin/xsd/surefire-test-report-3.0.xsd" version="3.0" name="com.example.springbackend.UserControllerTest" time="0.19" tests="9" errors="0" skipped="0" failures="0">
  <properties>
[...]
</properties>
  <testcase name="testGetUserByLogin" classname="com.example.springbackend.UserControllerTest" time="0.079">
    <system-out><![CDATA[2024-01-12T02:32:51.230+01:00  INFO 14612 --- [           main] o.s.mock.web.MockServletContext          : Initializing Spring TestDispatcherServlet ''
2024-01-12T02:32:51.230+01:00  INFO 14612 --- [           main] o.s.t.web.servlet.TestDispatcherServlet  : Initializing Servlet ''
2024-01-12T02:32:51.230+01:00  INFO 14612 --- [           main] o.s.t.web.servlet.TestDispatcherServlet  : Completed initialization in 0 ms
]]></system-out>
  </testcase>
  <testcase name="testGetUsers" classname="com.example.springbackend.UserControllerTest" time="0.012">
    <system-out><![CDATA[2024-01-12T02:32:51.260+01:00  INFO 14612 --- [           main] o.s.mock.web.MockServletContext          : Initializing Spring TestDispatcherServlet ''
2024-01-12T02:32:51.261+01:00  INFO 14612 --- [           main] o.s.t.web.servlet.TestDispatcherServlet  : Initializing Servlet ''
2024-01-12T02:32:51.261+01:00  INFO 14612 --- [           main] o.s.t.web.servlet.TestDispatcherServlet  : Completed initialization in 0 ms
]]></system-out>
  </testcase>
  <testcase name="testGetUserByName" classname="com.example.springbackend.UserControllerTest" time="0.011">
    <system-out><![CDATA[2024-01-12T02:32:51.273+01:00  INFO 14612 --- [           main] o.s.mock.web.MockServletContext          : Initializing Spring TestDispatcherServlet ''
2024-01-12T02:32:51.273+01:00  INFO 14612 --- [           main] o.s.t.web.servlet.TestDispatcherServlet  : Initializing Servlet ''
2024-01-12T02:32:51.273+01:00  INFO 14612 --- [           main] o.s.t.web.servlet.TestDispatcherServlet  : Completed initialization in 0 ms
]]></system-out>
  </testcase>
  <testcase name="testCreateUsers" classname="com.example.springbackend.UserControllerTest" time="0.015">
    <system-out><![CDATA[2024-01-12T02:32:51.286+01:00  INFO 14612 --- [           main] o.s.mock.web.MockServletContext          : Initializing Spring TestDispatcherServlet ''
2024-01-12T02:32:51.287+01:00  INFO 14612 --- [           main] o.s.t.web.servlet.TestDispatcherServlet  : Initializing Servlet ''
2024-01-12T02:32:51.287+01:00  INFO 14612 --- [           main] o.s.t.web.servlet.TestDispatcherServlet  : Completed initialization in 0 ms
]]></system-out>
  </testcase>
  <testcase name="testTest" classname="com.example.springbackend.UserControllerTest" time="0.01">
    <system-out><![CDATA[2024-01-12T02:32:51.302+01:00  INFO 14612 --- [           main] o.s.mock.web.MockServletContext          : Initializing Spring TestDispatcherServlet ''
2024-01-12T02:32:51.302+01:00  INFO 14612 --- [           main] o.s.t.web.servlet.TestDispatcherServlet  : Initializing Servlet ''
2024-01-12T02:32:51.302+01:00  INFO 14612 --- [           main] o.s.t.web.servlet.TestDispatcherServlet  : Completed initialization in 0 ms
]]></system-out>
  </testcase>
  <testcase name="testUpdateUser" classname="com.example.springbackend.UserControllerTest" time="0.015">
    <system-out><![CDATA[2024-01-12T02:32:51.314+01:00  INFO 14612 --- [           main] o.s.mock.web.MockServletContext          : Initializing Spring TestDispatcherServlet ''
2024-01-12T02:32:51.314+01:00  INFO 14612 --- [           main] o.s.t.web.servlet.TestDispatcherServlet  : Initializing Servlet ''
2024-01-12T02:32:51.314+01:00  INFO 14612 --- [           main] o.s.t.web.servlet.TestDispatcherServlet  : Completed initialization in 0 ms
]]></system-out>
  </testcase>
  <testcase name="testCreateUser" classname="com.example.springbackend.UserControllerTest" time="0.014">
    <system-out><![CDATA[2024-01-12T02:32:51.329+01:00  INFO 14612 --- [           main] o.s.mock.web.MockServletContext          : Initializing Spring TestDispatcherServlet ''
2024-01-12T02:32:51.329+01:00  INFO 14612 --- [           main] o.s.t.web.servlet.TestDispatcherServlet  : Initializing Servlet ''
2024-01-12T02:32:51.329+01:00  INFO 14612 --- [           main] o.s.t.web.servlet.TestDispatcherServlet  : Completed initialization in 0 ms
]]></system-out>
  </testcase>
  <testcase name="testDeleteUser" classname="com.example.springbackend.UserControllerTest" time="0.012">
    <system-out><![CDATA[2024-01-12T02:32:51.344+01:00  INFO 14612 --- [           main] o.s.mock.web.MockServletContext          : Initializing Spring TestDispatcherServlet ''
2024-01-12T02:32:51.344+01:00  INFO 14612 --- [           main] o.s.t.web.servlet.TestDispatcherServlet  : Initializing Servlet ''
2024-01-12T02:32:51.344+01:00  INFO 14612 --- [           main] o.s.t.web.servlet.TestDispatcherServlet  : Completed initialization in 0 ms
]]></system-out>
  </testcase>
  <testcase name="testGetUserById" classname="com.example.springbackend.UserControllerTest" time="0.011">
    <system-out><![CDATA[2024-01-12T02:32:51.355+01:00  INFO 14612 --- [           main] o.s.mock.web.MockServletContext          : Initializing Spring TestDispatcherServlet ''
2024-01-12T02:32:51.355+01:00  INFO 14612 --- [           main] o.s.t.web.servlet.TestDispatcherServlet  : Initializing Servlet ''
2024-01-12T02:32:51.356+01:00  INFO 14612 --- [           main] o.s.t.web.servlet.TestDispatcherServlet  : Completed initialization in 1 ms
]]></system-out>
  </testcase>
</testsuite>